
2023/04/18 (13:26:41) | ===> btop++ v.1.2.13
2023/04/18 (13:26:41) | ERROR: Invalid hex value: 40a02b
theme[temp_mid]=
2023/04/18 (13:26:43) | ERROR: Invalid hex value: 89dceb

# Process box color gradient for threads, mem and cpu usage (Sapphire -> Mauve)
theme[process_start]=
2023/04/18 (13:26:58) | ERROR: Invalid hex value: 89dceb

# Process box color gradient for threads, mem and cpu usage (Sapphire -> Mauve)
theme[process_start]=
2023/04/18 (13:26:59) | ERROR: Invalid hex value: 89dceb

# Process box color gradient for threads, mem and cpu usage (Sapphire -> Mauve)
theme[process_start]=
2023/04/18 (13:27:01) | ERROR: Invalid hex value: 89dceb

# Process box color gradient for threads, mem and cpu usage (Sapphire -> Mauve)
theme[process_start]=
2023/04/18 (13:27:02) | ERROR: Invalid hex value: 89dceb

# Process box color gradient for threads, mem and cpu usage (Sapphire -> Mauve)
theme[process_start]=
2023/04/18 (13:27:08) | ERROR: Invalid hex value: 89dceb

# Process box color gradient for threads, mem and cpu usage (Sapphire -> Mauve)
theme[process_start]=
2023/04/18 (13:27:10) | ERROR: Invalid hex value: 89dceb

# Process box color gradient for threads, mem and cpu usage (Sapphire -> Mauve)
theme[process_start]=

2023/04/18 (21:38:16) | ===> btop++ v.1.2.13
2023/04/18 (21:38:16) | ERROR: Invalid hex value: 89dceb

# Process box color gradient for threads, mem and cpu usage (Sapphire -> Mauve)
theme[process_start]=

2023/04/18 (23:13:34) | ===> btop++ v.1.2.13
2023/04/18 (23:13:34) | ERROR: Invalid hex value: 89dceb

# Process box color gradient for threads, mem and cpu usage (Sapphire -> Mauve)
theme[process_start]=

2023/04/19 (17:44:31) | ===> btop++ v.1.2.13
2023/04/19 (17:44:31) | ERROR: Invalid hex value: 89dceb

# Process box color gradient for threads, mem and cpu usage (Sapphire -> Mauve)
theme[process_start]=

2023/04/21 (20:55:25) | ===> btop++ v.1.2.13
2023/04/21 (20:55:25) | ERROR: Invalid hex value: 89dceb

# Process box color gradient for threads, mem and cpu usage (Sapphire -> Mauve)
theme[process_start]=

2023/04/22 (10:36:43) | ===> btop++ v.1.2.13
2023/04/22 (10:36:43) | ERROR: Invalid hex value: 89dceb

# Process box color gradient for threads, mem and cpu usage (Sapphire -> Mauve)
theme[process_start]=

2023/04/22 (20:47:11) | ===> btop++ v.1.2.13
2023/04/22 (20:47:11) | ERROR: Invalid hex value: 89dceb

# Process box color gradient for threads, mem and cpu usage (Sapphire -> Mauve)
theme[process_start]=

2023/04/22 (22:59:33) | ===> btop++ v.1.2.13
2023/04/22 (22:59:33) | ERROR: Invalid hex value: 89dceb

# Process box color gradient for threads, mem and cpu usage (Sapphire -> Mauve)
theme[process_start]=

2023/04/25 (21:12:40) | ===> btop++ v.1.2.13
2023/04/25 (21:12:40) | ERROR: Invalid hex value: 89dceb

# Process box color gradient for threads, mem and cpu usage (Sapphire -> Mauve)
theme[process_start]=
2023/04/25 (21:15:12) | ERROR: Invalid hex value: 89dceb

# Process box color gradient for threads, mem and cpu usage (Sapphire -> Mauve)
theme[process_start]=
2023/04/25 (21:15:15) | ERROR: Invalid hex value: 89dceb

# Process box color gradient for threads, mem and cpu usage (Sapphire -> Mauve)
theme[process_start]=
2023/04/25 (21:15:24) | ERROR: Invalid hex value: 89dceb

# Process box color gradient for threads, mem and cpu usage (Sapphire -> Mauve)
theme[process_start]=
2023/04/25 (21:15:24) | ERROR: Invalid hex value: 89dceb

# Process box color gradient for threads, mem and cpu usage (Sapphire -> Mauve)
theme[process_start]=
2023/04/25 (21:15:50) | ERROR: Invalid hex value: 89dceb

# Process box color gradient for threads, mem and cpu usage (Sapphire -> Mauve)
theme[process_start]=
2023/04/25 (21:15:52) | ERROR: Invalid hex value: 89dceb

# Process box color gradient for threads, mem and cpu usage (Sapphire -> Mauve)
theme[process_start]=
2023/04/25 (21:15:53) | ERROR: Invalid hex value: 89dceb

# Process box color gradient for threads, mem and cpu usage (Sapphire -> Mauve)
theme[process_start]=
2023/04/25 (21:15:54) | ERROR: Invalid hex value: 89dceb

# Process box color gradient for threads, mem and cpu usage (Sapphire -> Mauve)
theme[process_start]=
2023/04/25 (21:16:14) | ERROR: Invalid hex value: 89dceb

# Process box color gradient for threads, mem and cpu usage (Sapphire -> Mauve)
theme[process_start]=
2023/04/25 (21:16:15) | ERROR: Invalid hex value: 89dceb

# Process box color gradient for threads, mem and cpu usage (Sapphire -> Mauve)
theme[process_start]=
2023/04/25 (21:16:17) | ERROR: Invalid hex value: 89dceb

# Process box color gradient for threads, mem and cpu usage (Sapphire -> Mauve)
theme[process_start]=
2023/04/25 (21:16:18) | ERROR: Invalid hex value: 89dceb

# Process box color gradient for threads, mem and cpu usage (Sapphire -> Mauve)
theme[process_start]=

2023/05/11 (18:03:19) | ===> btop++ v.1.2.13
2023/05/11 (18:03:19) | ERROR: Invalid hex value: 89dceb

# Process box color gradient for threads, mem and cpu usage (Sapphire -> Mauve)
theme[process_start]=

2023/05/11 (20:08:50) | ===> btop++ v.1.2.13
2023/05/11 (20:08:50) | ERROR: Invalid hex value: 89dceb

# Process box color gradient for threads, mem and cpu usage (Sapphire -> Mauve)
theme[process_start]=

2023/05/12 (11:37:30) | ===> btop++ v.1.2.13
2023/05/12 (11:37:30) | ERROR: Invalid hex value: 89dceb

# Process box color gradient for threads, mem and cpu usage (Sapphire -> Mauve)
theme[process_start]=

2023/05/12 (12:09:42) | ===> btop++ v.1.2.13
2023/05/12 (12:09:42) | ERROR: Invalid hex value: 89dceb

# Process box color gradient for threads, mem and cpu usage (Sapphire -> Mauve)
theme[process_start]=

2023/05/12 (16:31:34) | ===> btop++ v.1.2.13
2023/05/12 (16:31:34) | ERROR: Invalid hex value: 89dceb

# Process box color gradient for threads, mem and cpu usage (Sapphire -> Mauve)
theme[process_start]=
2023/05/12 (16:32:17) | ERROR: Invalid hex value: 40a02b
theme[temp_mid]=
2023/05/12 (16:32:18) | ERROR: Invalid hex value: 89dceb

# Process box color gradient for threads, mem and cpu usage (Sapphire -> Mauve)
theme[process_start]=
2023/05/12 (16:32:19) | ERROR: Invalid hex value: 89dceb

# Process box color gradient for threads, mem and cpu usage (Sapphire -> Mauve)
theme[process_start]=
2023/05/12 (16:32:20) | ERROR: Invalid hex value: 89dceb

# Process box color gradient for threads, mem and cpu usage (Sapphire -> Mauve)
theme[process_start]=
2023/05/12 (16:32:21) | ERROR: Invalid hex value: 89dceb

# Process box color gradient for threads, mem and cpu usage (Sapphire -> Mauve)
theme[process_start]=
2023/05/12 (16:32:25) | ERROR: Invalid hex value: 89dceb

# Process box color gradient for threads, mem and cpu usage (Sapphire -> Mauve)
theme[process_start]=
2023/05/12 (16:32:26) | ERROR: Invalid hex value: 89dceb

# Process box color gradient for threads, mem and cpu usage (Sapphire -> Mauve)
theme[process_start]=
2023/05/12 (16:32:28) | ERROR: Invalid hex value: 89dceb

# Process box color gradient for threads, mem and cpu usage (Sapphire -> Mauve)
theme[process_start]=
2023/05/12 (16:32:29) | ERROR: Invalid hex value: 89dceb

# Process box color gradient for threads, mem and cpu usage (Sapphire -> Mauve)
theme[process_start]=
2023/05/12 (16:32:44) | ERROR: Invalid hex value: 89dceb

# Process box color gradient for threads, mem and cpu usage (Sapphire -> Mauve)
theme[process_start]=
2023/05/12 (16:32:45) | ERROR: Invalid hex value: 89dceb

# Process box color gradient for threads, mem and cpu usage (Sapphire -> Mauve)
theme[process_start]=
2023/05/12 (16:32:46) | ERROR: Invalid hex value: 89dceb

# Process box color gradient for threads, mem and cpu usage (Sapphire -> Mauve)
theme[process_start]=
2023/05/12 (16:32:46) | ERROR: Invalid hex value: 89dceb

# Process box color gradient for threads, mem and cpu usage (Sapphire -> Mauve)
theme[process_start]=

2023/05/13 (12:44:04) | ===> btop++ v.1.2.13
2023/05/13 (12:44:04) | ERROR: Invalid hex value: 89dceb

# Process box color gradient for threads, mem and cpu usage (Sapphire -> Mauve)
theme[process_start]=
2023/05/13 (12:44:22) | ERROR: Invalid hex value: 40a02b
theme[temp_mid]=
2023/05/13 (12:44:23) | ERROR: Invalid hex value: 89dceb

# Process box color gradient for threads, mem and cpu usage (Sapphire -> Mauve)
theme[process_start]=
2023/05/13 (12:49:39) | ERROR: Invalid hex value: 40a02b
theme[temp_mid]=
2023/05/13 (12:49:39) | ERROR: Invalid hex value: 89dceb

# Process box color gradient for threads, mem and cpu usage (Sapphire -> Mauve)
theme[process_start]=

2023/05/13 (12:57:04) | ===> btop++ v.1.2.13
2023/05/13 (12:57:04) | ERROR: Invalid hex value: 89dceb

# Process box color gradient for threads, mem and cpu usage (Sapphire -> Mauve)
theme[process_start]=
